<?xml version="1.0" encoding="UTF-8"?>
<!-- Generated by org.testng.reporters.JUnitReportReporter -->
<testsuite hostname="andy" name="petrushchak.maven.email.test.EmailTest" tests="2" failures="0" timestamp="24 Apr 2016 21:59:00 GMT" time="51.391" errors="0">
  <testcase name="incomingEmailFFoxTest" time="26.156" classname="petrushchak.maven.email.test.EmailTest"/>
  <testcase name="incomingEmailFFoxTest" time="25.235" classname="petrushchak.maven.email.test.EmailTest"/>
</testsuite> <!-- petrushchak.maven.email.test.EmailTest -->
